Build started 25/03/2012 5:03:19 PM.
     1>Project "C:\Users\Gooble\personalworkspace\PracticeProject\FindSubstring\FindSubstring.vcxproj" on node 2 (build target(s)).
     1>InitializeBuildStatus:
         Creating "Debug\FindSubstring.unsuccessfulbuild" because "AlwaysCreate" was specified.
       ClCompile:
         c:\Program Files (x86)\Microsoft Visual Studio 10.0\VC\bin\CL.exe /c /ZI /nologo /W3 /WX- /Od /Oy- /D _MBCS /Gm /EHsc /RTC1 /MDd /GS /fp:precise /Zc:wchar_t /Zc:forScope /Fo"Debug\\" /Fd"Debug\vc100.pdb" /Gd /TP /analyze- /errorReport:prompt Practice6.cpp
         Practice6.cpp
     1>c:\users\gooble\personalworkspace\practiceproject\findsubstring\practice6.cpp(5): warning C4018: '<' : signed/unsigned mismatch
     1>c:\users\gooble\personalworkspace\practiceproject\findsubstring\practice6.cpp(8): warning C4018: '<' : signed/unsigned mismatch
       Link:
         c:\Program Files (x86)\Microsoft Visual Studio 10.0\VC\bin\link.exe /ERRORREPORT:PROMPT /OUT:"C:\Users\Gooble\personalworkspace\PracticeProject\Debug\FindSubstring.exe" /NOLOGO kernel32.lib user32.lib gdi32.lib winspool.lib comdlg32.lib advapi32.lib shell32.lib ole32.lib oleaut32.lib uuid.lib odbc32.lib odbccp32.lib /MANIFEST /ManifestFile:"Debug\FindSubstring.exe.intermediate.manifest" /MANIFESTUAC:"level='asInvoker' uiAccess='false'" /DEBUG /PDB:"C:\Users\Gooble\personalworkspace\PracticeProject\Debug\FindSubstring.pdb" /TLBID:1 /DYNAMICBASE /NXCOMPAT /IMPLIB:"C:\Users\Gooble\personalworkspace\PracticeProject\Debug\FindSubstring.lib" /MACHINE:X86 Debug\Practice6.obj
         FindSubstring.vcxproj -> C:\Users\Gooble\personalworkspace\PracticeProject\Debug\FindSubstring.exe
       Manifest:
         C:\Program Files (x86)\Microsoft SDKs\Windows\v7.0A\bin\mt.exe /nologo /verbose /outputresource:"C:\Users\Gooble\personalworkspace\PracticeProject\Debug\FindSubstring.exe;#1" /manifest Debug\FindSubstring.exe.intermediate.manifest
       FinalizeBuildStatus:
         Deleting file "Debug\FindSubstring.unsuccessfulbuild".
         Touching "Debug\FindSubstring.lastbuildstate".
     1>Done Building Project "C:\Users\Gooble\personalworkspace\PracticeProject\FindSubstring\FindSubstring.vcxproj" (build target(s)).

Build succeeded.

Time Elapsed 00:00:02.51
