C:\USERS\GOOBLE\DOWNLOADS\LEEFW-GOOGLE-TEST-DEMO-2.1-0-GFBBCA02\LEEFW-GOOGLE-TEST-DEMO-FBBCA02\DEBUG\RUNBASECODE.EXE
C:\USERS\GOOBLE\DOWNLOADS\LEEFW-GOOGLE-TEST-DEMO-2.1-0-GFBBCA02\LEEFW-GOOGLE-TEST-DEMO-FBBCA02\DEBUG\RUNBASECODE.ILK
C:\USERS\GOOBLE\DOWNLOADS\LEEFW-GOOGLE-TEST-DEMO-2.1-0-GFBBCA02\LEEFW-GOOGLE-TEST-DEMO-FBBCA02\DEBUG\RUNBASECODE.PDB
C:\USERS\GOOBLE\DOWNLOADS\LEEFW-GOOGLE-TEST-DEMO-2.1-0-GFBBCA02\LEEFW-GOOGLE-TEST-DEMO-FBBCA02\RUNBASECODE\DEBUG\RUNBASECODE.EXE.EMBED.MANIFEST
C:\USERS\GOOBLE\DOWNLOADS\LEEFW-GOOGLE-TEST-DEMO-2.1-0-GFBBCA02\LEEFW-GOOGLE-TEST-DEMO-FBBCA02\RUNBASECODE\DEBUG\RUNBASECODE.EXE.EMBED.MANIFEST.RES
C:\USERS\GOOBLE\DOWNLOADS\LEEFW-GOOGLE-TEST-DEMO-2.1-0-GFBBCA02\LEEFW-GOOGLE-TEST-DEMO-FBBCA02\RUNBASECODE\DEBUG\RUNBASECODE.EXE.INTERMEDIATE.MANIFEST
C:\USERS\GOOBLE\DOWNLOADS\LEEFW-GOOGLE-TEST-DEMO-2.1-0-GFBBCA02\LEEFW-GOOGLE-TEST-DEMO-FBBCA02\RUNBASECODE\DEBUG\RUNBASECODE.OBJ
C:\USERS\GOOBLE\DOWNLOADS\LEEFW-GOOGLE-TEST-DEMO-2.1-0-GFBBCA02\LEEFW-GOOGLE-TEST-DEMO-FBBCA02\RUNBASECODE\DEBUG\VC100.PDB
C:\USERS\GOOBLE\PERSONALWORKSPACE\GOLDENBALL\DEBUG\RUNBASECODE.EXE
C:\USERS\GOOBLE\PERSONALWORKSPACE\GOLDENBALL\DEBUG\RUNBASECODE.ILK
C:\USERS\GOOBLE\PERSONALWORKSPACE\GOLDENBALL\DEBUG\RUNBASECODE.PDB
C:\Users\Gooble\personalworkspace\GoldenBall\RunBaseCode\Debug\cl.command.1.tlog
C:\Users\Gooble\personalworkspace\GoldenBall\RunBaseCode\Debug\CL.read.1.tlog
C:\Users\Gooble\personalworkspace\GoldenBall\RunBaseCode\Debug\CL.write.1.tlog
C:\Users\Gooble\personalworkspace\GoldenBall\RunBaseCode\Debug\link.6856.read.1.tlog
C:\Users\Gooble\personalworkspace\GoldenBall\RunBaseCode\Debug\link.6856.write.1.tlog
C:\Users\Gooble\personalworkspace\GoldenBall\RunBaseCode\Debug\link.6856-cvtres.read.1.tlog
C:\Users\Gooble\personalworkspace\GoldenBall\RunBaseCode\Debug\link.6856-cvtres.write.1.tlog
C:\Users\Gooble\personalworkspace\GoldenBall\RunBaseCode\Debug\link.7756.read.1.tlog
C:\Users\Gooble\personalworkspace\GoldenBall\RunBaseCode\Debug\link.7756.write.1.tlog
C:\Users\Gooble\personalworkspace\GoldenBall\RunBaseCode\Debug\link.7756-cvtres.read.1.tlog
C:\Users\Gooble\personalworkspace\GoldenBall\RunBaseCode\Debug\link.7756-cvtres.write.1.tlog
C:\Users\Gooble\personalworkspace\GoldenBall\RunBaseCode\Debug\link.8164.read.1.tlog
C:\Users\Gooble\personalworkspace\GoldenBall\RunBaseCode\Debug\link.8164.write.1.tlog
C:\Users\Gooble\personalworkspace\GoldenBall\RunBaseCode\Debug\link.8164-cvtres.read.1.tlog
C:\Users\Gooble\personalworkspace\GoldenBall\RunBaseCode\Debug\link.8164-cvtres.write.1.tlog
C:\Users\Gooble\personalworkspace\GoldenBall\RunBaseCode\Debug\link.command.1.tlog
C:\Users\Gooble\personalworkspace\GoldenBall\RunBaseCode\Debug\link.read.1.tlog
C:\Users\Gooble\personalworkspace\GoldenBall\RunBaseCode\Debug\link.write.1.tlog
C:\Users\Gooble\personalworkspace\GoldenBall\RunBaseCode\Debug\link-cvtres.read.1.tlog
C:\Users\Gooble\personalworkspace\GoldenBall\RunBaseCode\Debug\link-cvtres.write.1.tlog
C:\Users\Gooble\personalworkspace\GoldenBall\RunBaseCode\Debug\mt.command.1.tlog
C:\Users\Gooble\personalworkspace\GoldenBall\RunBaseCode\Debug\mt.read.1.tlog
C:\Users\Gooble\personalworkspace\GoldenBall\RunBaseCode\Debug\mt.write.1.tlog
C:\Users\Gooble\personalworkspace\GoldenBall\RunBaseCode\Debug\rc.command.1.tlog
C:\Users\Gooble\personalworkspace\GoldenBall\RunBaseCode\Debug\rc.read.1.tlog
C:\Users\Gooble\personalworkspace\GoldenBall\RunBaseCode\Debug\rc.write.1.tlog
C:\Users\Gooble\personalworkspace\GoldenBall\RunBaseCode\Debug\RunBaseCode.exe.embed.manifest
C:\USERS\GOOBLE\PERSONALWORKSPACE\GOLDENBALL\RUNBASECODE\DEBUG\RUNBASECODE.EXE.EMBED.MANIFEST.RES
C:\USERS\GOOBLE\PERSONALWORKSPACE\GOLDENBALL\RUNBASECODE\DEBUG\RUNBASECODE.EXE.INTERMEDIATE.MANIFEST
C:\USERS\GOOBLE\PERSONALWORKSPACE\GOLDENBALL\RUNBASECODE\DEBUG\RUNBASECODE.OBJ
C:\Users\Gooble\personalworkspace\GoldenBall\RunBaseCode\Debug\RunBaseCode.write.1.tlog
C:\Users\Gooble\personalworkspace\GoldenBall\RunBaseCode\Debug\RunBaseCode_manifest.rc
C:\Users\Gooble\personalworkspace\GoldenBall\RunBaseCode\Debug\vc100.idb
C:\USERS\GOOBLE\PERSONALWORKSPACE\GOLDENBALL\RUNBASECODE\DEBUG\VC100.PDB
