Build started 29/12/2011 9:34:00 PM.
     1>Project "C:\Users\Gooble\personalworkspace\GoldenBall\BaseCode\BaseCode.vcxproj" on node 2 (build target(s)).
     1>InitializeBuildStatus:
         Creating "Debug\BaseCode.unsuccessfulbuild" because "AlwaysCreate" was specified.
       ClCompile:
         c:\Program Files (x86)\Microsoft Visual Studio 10.0\VC\bin\CL.exe /c /ZI /nologo /W3 /WX- /Od /Oy- /D WIN32 /D _DEBUG /D _CONSOLE /D _UNICODE /D UNICODE /Gm /EHsc /RTC1 /MTd /GS /fp:precise /Zc:wchar_t /Zc:forScope /Fo"Debug\\" /Fd"Debug\vc100.pdb" /Gd /TP /analyze- /errorReport:prompt Character.cpp
         Character.cpp
       Lib:
         c:\Program Files (x86)\Microsoft Visual Studio 10.0\VC\bin\Lib.exe /OUT:"C:\Users\Gooble\personalworkspace\GoldenBall\Debug\BaseCode.lib" Debug\Attack.obj
         Debug\Character.obj
         Microsoft (R) Library Manager Version 10.00.30319.01
         Copyright (C) Microsoft Corporation.  All rights reserved.
         
         "/OUT:C:\Users\Gooble\personalworkspace\GoldenBall\Debug\BaseCode.lib" Debug\Attack.obj 
         Debug\Character.obj 
         BaseCode.vcxproj -> C:\Users\Gooble\personalworkspace\GoldenBall\Debug\BaseCode.lib
       FinalizeBuildStatus:
         Deleting file "Debug\BaseCode.unsuccessfulbuild".
         Touching "Debug\BaseCode.lastbuildstate".
     1>Done Building Project "C:\Users\Gooble\personalworkspace\GoldenBall\BaseCode\BaseCode.vcxproj" (build target(s)).

Build succeeded.

Time Elapsed 00:00:01.61
