Build started 29/12/2011 9:34:01 PM.
     1>Project "C:\Users\Gooble\personalworkspace\GoldenBall\RunBaseCode\RunBaseCode.vcxproj" on node 3 (build target(s)).
     1>InitializeBuildStatus:
         Creating "Debug\RunBaseCode.unsuccessfulbuild" because "AlwaysCreate" was specified.
       ClCompile:
         All outputs are up-to-date.
       ManifestResourceCompile:
         All outputs are up-to-date.
       Link:
         c:\Program Files (x86)\Microsoft Visual Studio 10.0\VC\bin\link.exe /ERRORREPORT:PROMPT /OUT:"C:\Users\Gooble\personalworkspace\GoldenBall\Debug\RunBaseCode.exe" /INCREMENTAL kernel32.lib user32.lib gdi32.lib winspool.lib comdlg32.lib advapi32.lib shell32.lib ole32.lib oleaut32.lib uuid.lib odbc32.lib odbccp32.lib /MANIFEST /ManifestFile:"Debug\RunBaseCode.exe.intermediate.manifest" /MANIFESTUAC:"level='asInvoker' uiAccess='false'" /DEBUG /PDB:"C:\Users\Gooble\personalworkspace\GoldenBall\Debug\RunBaseCode.pdb" /SUBSYSTEM:CONSOLE /TLBID:1 /DYNAMICBASE /NXCOMPAT /IMPLIB:"C:\Users\Gooble\personalworkspace\GoldenBall\Debug\RunBaseCode.lib" /MACHINE:X86 Debug\RunBaseCode.exe.embed.manifest.res
         Debug\RunBaseCode.obj
         C:\Users\Gooble\personalworkspace\GoldenBall\Debug\BaseCode.lib
         Microsoft (R) Incremental Linker Version 10.00.30319.01
         Copyright (C) Microsoft Corporation.  All rights reserved.
         
         "/OUT:C:\Users\Gooble\personalworkspace\GoldenBall\Debug\RunBaseCode.exe" /INCREMENTAL kernel32.lib user32.lib gdi32.lib winspool.lib comdlg32.lib advapi32.lib shell32.lib ole32.lib oleaut32.lib uuid.lib odbc32.lib odbccp32.lib /MANIFEST "/ManifestFile:Debug\RunBaseCode.exe.intermediate.manifest" "/MANIFESTUAC:level='asInvoker' uiAccess='false'" /DEBUG "/PDB:C:\Users\Gooble\personalworkspace\GoldenBall\Debug\RunBaseCode.pdb" /SUBSYSTEM:CONSOLE /TLBID:1 /DYNAMICBASE /NXCOMPAT "/IMPLIB:C:\Users\Gooble\personalworkspace\GoldenBall\Debug\RunBaseCode.lib" /MACHINE:X86 Debug\RunBaseCode.exe.embed.manifest.res 
         Debug\RunBaseCode.obj 
         C:\Users\Gooble\personalworkspace\GoldenBall\Debug\BaseCode.lib 
       Manifest:
         C:\Program Files (x86)\Microsoft SDKs\Windows\v7.0A\bin\mt.exe /nologo /verbose /out:"Debug\RunBaseCode.exe.embed.manifest" /manifest Debug\RunBaseCode.exe.intermediate.manifest
         All outputs are up-to-date.
       LinkEmbedManifest:
         All outputs are up-to-date.
         RunBaseCode.vcxproj -> C:\Users\Gooble\personalworkspace\GoldenBall\Debug\RunBaseCode.exe
       FinalizeBuildStatus:
         Deleting file "Debug\RunBaseCode.unsuccessfulbuild".
         Touching "Debug\RunBaseCode.lastbuildstate".
     1>Done Building Project "C:\Users\Gooble\personalworkspace\GoldenBall\RunBaseCode\RunBaseCode.vcxproj" (build target(s)).

Build succeeded.

Time Elapsed 00:00:01.22
